<?xml version="1.0" encoding="UTF-8"?>
<testng-results skipped="0" failed="0" ignored="0" total="1" passed="1">
  <reporter-output>
  </reporter-output>
  <suite name="Default suite" duration-ms="11181" started-at="2018-01-20T11:01:09Z" finished-at="2018-01-20T11:01:20Z">
    <groups>
    </groups>
    <test name="Default test" duration-ms="11181" started-at="2018-01-20T11:01:09Z" finished-at="2018-01-20T11:01:20Z">
      <class name="SeleniumPractice.PopUp">
        <test-method status="PASS" signature="handlePopUp()[pri:0, instance:SeleniumPractice.PopUp@26be92ad]" name="handlePopUp" duration-ms="11149" started-at="2018-01-20T16:31:09Z" finished-at="2018-01-20T16:31:20Z">
          <reporter-output>
          </reporter-output>
        </test-method> <!-- handlePopUp -->
      </class> <!-- SeleniumPractice.PopUp -->
    </test> <!-- Default test -->
  </suite> <!-- Default suite -->
</testng-results>
